<?xml version="1.0" encoding="UTF-8"?>
<testng-results ignored="0" total="2" passed="2" failed="0" skipped="0">
  <reporter-output>
  </reporter-output>
  <suite started-at="2020-07-17T15:08:31 IST" name="Suite" finished-at="2020-07-17T15:08:52 IST" duration-ms="20478">
    <groups>
    </groups>
    <test started-at="2020-07-17T15:08:31 IST" name="Test" finished-at="2020-07-17T15:08:52 IST" duration-ms="20478">
      <class name="com.EA.qa.testcase.LoginPageTest">
        <test-method is-config="true" signature="setUp()[pri:0, instance:com.EA.qa.testcase.LoginPageTest@45b9a632]" started-at="2020-07-17T15:08:31 IST" name="setUp" finished-at="2020-07-17T15:08:41 IST" duration-ms="9958" status="PASS">
          <reporter-output>
          </reporter-output>
        </test-method> <!-- setUp -->
        <test-method signature="loginPageTitleTest()[pri:1, instance:com.EA.qa.testcase.LoginPageTest@45b9a632]" started-at="2020-07-17T15:08:41 IST" name="loginPageTitleTest" finished-at="2020-07-17T15:08:41 IST" duration-ms="16" status="PASS">
          <reporter-output>
          </reporter-output>
        </test-method> <!-- loginPageTitleTest -->
        <test-method is-config="true" signature="tearDown()[pri:0, instance:com.EA.qa.testcase.LoginPageTest@45b9a632]" started-at="2020-07-17T15:08:41 IST" name="tearDown" finished-at="2020-07-17T15:08:42 IST" duration-ms="734" status="PASS">
          <reporter-output>
          </reporter-output>
        </test-method> <!-- tearDown -->
        <test-method is-config="true" signature="setUp()[pri:0, instance:com.EA.qa.testcase.LoginPageTest@45b9a632]" started-at="2020-07-17T15:08:42 IST" name="setUp" finished-at="2020-07-17T15:08:49 IST" duration-ms="6775" status="PASS">
          <reporter-output>
          </reporter-output>
        </test-method> <!-- setUp -->
        <test-method signature="loginTest()[pri:2, instance:com.EA.qa.testcase.LoginPageTest@45b9a632]" started-at="2020-07-17T15:08:49 IST" name="loginTest" finished-at="2020-07-17T15:08:50 IST" duration-ms="901" status="PASS">
          <reporter-output>
          </reporter-output>
        </test-method> <!-- loginTest -->
        <test-method is-config="true" signature="tearDown()[pri:0, instance:com.EA.qa.testcase.LoginPageTest@45b9a632]" started-at="2020-07-17T15:08:50 IST" name="tearDown" finished-at="2020-07-17T15:08:52 IST" duration-ms="2032" status="PASS">
          <reporter-output>
          </reporter-output>
        </test-method> <!-- tearDown -->
      </class> <!-- com.EA.qa.testcase.LoginPageTest -->
    </test> <!-- Test -->
  </suite> <!-- Suite -->
</testng-results>
