<?xml version="1.0" encoding="UTF-8"?>
<testng-results ignored="0" total="2" passed="2" failed="0" skipped="0">
  <reporter-output>
  </reporter-output>
  <suite started-at="2020-07-13T18:49:53 IST" name="Default suite" finished-at="2020-07-13T18:50:13 IST" duration-ms="19113">
    <groups>
    </groups>
    <test started-at="2020-07-13T18:49:53 IST" name="Default test" finished-at="2020-07-13T18:50:13 IST" duration-ms="19113">
      <class name="com.EA.qa.testcase.LoginPageTest">
        <test-method is-config="true" signature="setUp()[pri:0, instance:com.EA.qa.testcase.LoginPageTest@147ed70f]" started-at="2020-07-13T18:49:53 IST" name="setUp" finished-at="2020-07-13T18:50:03 IST" duration-ms="9201" status="PASS">
          <reporter-output>
          </reporter-output>
        </test-method> <!-- setUp -->
        <test-method signature="loginPageTitleTest()[pri:1, instance:com.EA.qa.testcase.LoginPageTest@147ed70f]" started-at="2020-07-13T18:50:03 IST" name="loginPageTitleTest" finished-at="2020-07-13T18:50:03 IST" duration-ms="16" status="PASS">
          <reporter-output>
          </reporter-output>
        </test-method> <!-- loginPageTitleTest -->
        <test-method is-config="true" signature="tearDown()[pri:0, instance:com.EA.qa.testcase.LoginPageTest@147ed70f]" started-at="2020-07-13T18:50:03 IST" name="tearDown" finished-at="2020-07-13T18:50:03 IST" duration-ms="705" status="PASS">
          <reporter-output>
          </reporter-output>
        </test-method> <!-- tearDown -->
        <test-method is-config="true" signature="setUp()[pri:0, instance:com.EA.qa.testcase.LoginPageTest@147ed70f]" started-at="2020-07-13T18:50:03 IST" name="setUp" finished-at="2020-07-13T18:50:11 IST" duration-ms="7642" status="PASS">
          <reporter-output>
          </reporter-output>
        </test-method> <!-- setUp -->
        <test-method signature="loginTest()[pri:2, instance:com.EA.qa.testcase.LoginPageTest@147ed70f]" started-at="2020-07-13T18:50:11 IST" name="loginTest" finished-at="2020-07-13T18:50:12 IST" duration-ms="741" status="PASS">
          <reporter-output>
          </reporter-output>
        </test-method> <!-- loginTest -->
        <test-method is-config="true" signature="tearDown()[pri:0, instance:com.EA.qa.testcase.LoginPageTest@147ed70f]" started-at="2020-07-13T18:50:12 IST" name="tearDown" finished-at="2020-07-13T18:50:13 IST" duration-ms="734" status="PASS">
          <reporter-output>
          </reporter-output>
        </test-method> <!-- tearDown -->
      </class> <!-- com.EA.qa.testcase.LoginPageTest -->
    </test> <!-- Default test -->
  </suite> <!-- Default suite -->
</testng-results>
